* installing to library '/root/R/x86_64-pc-linux-gnu-library/4.4'
* installing *source* package 'PROJ' ...
** using staged installation
checking whether pkg-config knows about proj... yes
checking CFLAGS from pkg-config... 
checking LIBS from pkg-config... checking whether the C++ compiler works... yes
checking for C++ compiler default output file name... a.out
checking for suffix of executables... 
checking whether we are cross compiling... no
checking for suffix of object files... o
checking whether we are using the GNU C++ compiler... yes
checking whether clang++ -stdlib=libc++ accepts -g... yes
checking how to run the C++ preprocessor... clang++ -stdlib=libc++ -E
checking for grep that handles long lines and -e... /bin/grep
checking for egrep... /bin/grep -E
checking for ANSI C header files... yes
checking for sys/types.h... yes
checking for sys/stat.h... yes
checking for stdlib.h... yes
checking for string.h... yes
checking for memory.h... yes
checking for strings.h... yes
checking for inttypes.h... yes
checking for stdint.h... yes
checking for unistd.h... yes
checking proj.h usability... yes
checking proj.h presence... yes
checking for proj.h... yes
checking for proj_get_source_crs in -lproj... yes
checking for proj_as_wkt in -lproj... yes
configure: PROJ6 API available: yes
configure: setting CCPFLAGS: -DUSE_PROJ6_API=1 -I/usr/local/include  
configure: setting PROJ_LIBS: -lproj
configure: creating ./config.status
config.status: creating src/Makevars
** libs
using C compiler: 'Debian clang version 15.0.7'
clang -I"/opt/R/devel/lib/R/include" -DNDEBUG -DUSE_PROJ6_API=1 -I/usr/local/include   -Wconversion  -I/usr/local/include    -fpic  -O2 -g -Wunneeded-internal-declaration -Winvalid-utf8 -Wformat -Wsizeof-pointer-div -Wliteral-conversion -Wempty-body -Wreturn-stack-address -Wnon-c-typedef-for-linkage -Wstrict-prototypes -c C_proj_crs_text.c -o C_proj_crs_text.o
clang -I"/opt/R/devel/lib/R/include" -DNDEBUG -DUSE_PROJ6_API=1 -I/usr/local/include   -Wconversion  -I/usr/local/include    -fpic  -O2 -g -Wunneeded-internal-declaration -Winvalid-utf8 -Wformat -Wsizeof-pointer-div -Wliteral-conversion -Wempty-body -Wreturn-stack-address -Wnon-c-typedef-for-linkage -Wstrict-prototypes -c C_proj_trans.c -o C_proj_trans.o
clang -I"/opt/R/devel/lib/R/include" -DNDEBUG -DUSE_PROJ6_API=1 -I/usr/local/include   -Wconversion  -I/usr/local/include    -fpic  -O2 -g -Wunneeded-internal-declaration -Winvalid-utf8 -Wformat -Wsizeof-pointer-div -Wliteral-conversion -Wempty-body -Wreturn-stack-address -Wnon-c-typedef-for-linkage -Wstrict-prototypes -c C_proj_version.c -o C_proj_version.o
clang -I"/opt/R/devel/lib/R/include" -DNDEBUG -DUSE_PROJ6_API=1 -I/usr/local/include   -Wconversion  -I/usr/local/include    -fpic  -O2 -g -Wunneeded-internal-declaration -Winvalid-utf8 -Wformat -Wsizeof-pointer-div -Wliteral-conversion -Wempty-body -Wreturn-stack-address -Wnon-c-typedef-for-linkage -Wstrict-prototypes -c init.c -o init.o
clang -shared -L/opt/R/devel/lib/R/lib -L/usr/local/lib -o PROJ.so C_proj_crs_text.o C_proj_trans.o C_proj_version.o init.o -lproj -lproj -lproj -L/opt/R/devel/lib/R/lib -lR
installing to /root/R/x86_64-pc-linux-gnu-library/4.4/00LOCK-PROJ/00new/PROJ/libs
** R
** data
*** moving datasets to lazyload DB
** inst
** byte-compile and prepare package for lazy loading
** help
*** installing help indices
*** copying figures
** building package indices
** installing vignettes
** testing if installed package can be loaded from temporary location
** checking absolute paths in shared objects and dynamic libraries
** testing if installed package can be loaded from final location
** testing if installed package keeps a record of temporary installation path
* DONE (PROJ)
